0 info it worked if it ends with ok
1 verbose cli [ '/usr/bin/node', '/usr/bin/npm', 'install', '-g', 'ejs' ]
2 info using npm@1.4.28
3 info using node@v0.10.35
4 verbose node symlink /usr/bin/node
5 verbose cache add [ 'ejs', null ]
6 verbose cache add name=undefined spec="ejs" args=["ejs",null]
7 verbose parsed url { protocol: null,
7 verbose parsed url   slashes: null,
7 verbose parsed url   auth: null,
7 verbose parsed url   host: null,
7 verbose parsed url   port: null,
7 verbose parsed url   hostname: null,
7 verbose parsed url   hash: null,
7 verbose parsed url   search: null,
7 verbose parsed url   query: null,
7 verbose parsed url   pathname: 'ejs',
7 verbose parsed url   path: 'ejs',
7 verbose parsed url   href: 'ejs' }
8 silly lockFile 75eeca8f-ejs ejs
9 verbose lock ejs /home/dykim/.npm/75eeca8f-ejs.lock
10 silly lockFile 75eeca8f-ejs ejs
11 silly lockFile 75eeca8f-ejs ejs
12 verbose addNamed [ 'ejs', '' ]
13 verbose addNamed [ null, '*' ]
14 silly lockFile bcdf6e5f-ejs ejs@
15 verbose lock ejs@ /home/dykim/.npm/bcdf6e5f-ejs.lock
16 silly addNameRange { name: 'ejs', range: '*', hasData: false }
17 verbose request where is /ejs
18 verbose request registry https://registry.npmjs.org/
19 verbose request id bae36dbaa6787700
20 verbose url raw /ejs
21 verbose url resolving [ 'https://registry.npmjs.org/', './ejs' ]
22 verbose url resolved https://registry.npmjs.org/ejs
23 verbose request where is https://registry.npmjs.org/ejs
24 info trying registry request attempt 1 at 00:02:37
25 http GET https://registry.npmjs.org/ejs
26 http 200 https://registry.npmjs.org/ejs
27 silly registry.get cb [ 200,
27 silly registry.get   { date: 'Mon, 26 Jan 2015 15:02:37 GMT',
27 silly registry.get     server: 'CouchDB/1.5.0 (Erlang OTP/R16B03)',
27 silly registry.get     etag: '"4DVFZ9J4HSZ636H03MOBFH9UN"',
27 silly registry.get     'content-type': 'application/json',
27 silly registry.get     'cache-control': 'max-age=60',
27 silly registry.get     'content-length': '41919',
27 silly registry.get     'accept-ranges': 'bytes',
27 silly registry.get     via: '1.1 varnish',
27 silly registry.get     age: '0',
27 silly registry.get     'x-served-by': 'cache-ty68-TYO',
27 silly registry.get     'x-cache': 'HIT',
27 silly registry.get     'x-cache-hits': '1',
27 silly registry.get     'x-timer': 'S1422284557.574712,VS0,VE126',
27 silly registry.get     vary: 'Accept',
27 silly registry.get     'keep-alive': 'timeout=10, max=50',
27 silly registry.get     connection: 'Keep-Alive' } ]
28 silly addNameRange number 2 { name: 'ejs', range: '*', hasData: true }
29 silly addNameRange versions [ 'ejs',
29 silly addNameRange   [ '0.0.1',
29 silly addNameRange     '0.0.2',
29 silly addNameRange     '0.0.3',
29 silly addNameRange     '0.0.4',
29 silly addNameRange     '0.1.0',
29 silly addNameRange     '0.2.0',
29 silly addNameRange     '0.2.1',
29 silly addNameRange     '0.3.0',
29 silly addNameRange     '0.3.1',
29 silly addNameRange     '0.4.0',
29 silly addNameRange     '0.4.1',
29 silly addNameRange     '0.4.2',
29 silly addNameRange     '0.4.3',
29 silly addNameRange     '0.5.0',
29 silly addNameRange     '0.6.0',
29 silly addNameRange     '0.6.1',
29 silly addNameRange     '0.7.0',
29 silly addNameRange     '0.7.1',
29 silly addNameRange     '0.7.2',
29 silly addNameRange     '0.8.0',
29 silly addNameRange     '0.8.1',
29 silly addNameRange     '0.8.2',
29 silly addNameRange     '0.8.3',
29 silly addNameRange     '0.8.4',
29 silly addNameRange     '0.8.5',
29 silly addNameRange     '0.8.6',
29 silly addNameRange     '0.8.8',
29 silly addNameRange     '1.0.0',
29 silly addNameRange     '2.0.2',
29 silly addNameRange     '2.0.3',
29 silly addNameRange     '2.0.4',
29 silly addNameRange     '2.0.5',
29 silly addNameRange     '2.0.6',
29 silly addNameRange     '2.0.7',
29 silly addNameRange     '2.0.8',
29 silly addNameRange     '2.1.1',
29 silly addNameRange     '2.1.2',
29 silly addNameRange     '2.1.3',
29 silly addNameRange     '2.1.4',
29 silly addNameRange     '2.2.1',
29 silly addNameRange     '2.2.2',
29 silly addNameRange     '2.2.3' ] ]
30 verbose addNamed [ 'ejs', '2.2.3' ]
31 verbose addNamed [ '2.2.3', '2.2.3' ]
32 silly lockFile 7333c456-ejs-2-2-3 ejs@2.2.3
33 verbose lock ejs@2.2.3 /home/dykim/.npm/7333c456-ejs-2-2-3.lock
34 silly lockFile a8e2d980-stry-npmjs-org-ejs-ejs-2-2-3-tgz https://registry.npmjs.org/ejs/-/ejs-2.2.3.tgz
35 verbose lock https://registry.npmjs.org/ejs/-/ejs-2.2.3.tgz /home/dykim/.npm/a8e2d980-stry-npmjs-org-ejs-ejs-2-2-3-tgz.lock
36 verbose addRemoteTarball [ 'https://registry.npmjs.org/ejs/-/ejs-2.2.3.tgz',
36 verbose addRemoteTarball   '8d78070eeb2689d94de660279bb9898de9df1ba0' ]
37 info retry fetch attempt 1 at 00:02:37
38 verbose fetch to= /tmp/npm-4749-up1Gad0E/registry.npmjs.org/ejs/-/ejs-2.2.3.tgz
39 http GET https://registry.npmjs.org/ejs/-/ejs-2.2.3.tgz
40 http 200 https://registry.npmjs.org/ejs/-/ejs-2.2.3.tgz
41 silly lockFile a8e2d980-stry-npmjs-org-ejs-ejs-2-2-3-tgz https://registry.npmjs.org/ejs/-/ejs-2.2.3.tgz
42 silly lockFile a8e2d980-stry-npmjs-org-ejs-ejs-2-2-3-tgz https://registry.npmjs.org/ejs/-/ejs-2.2.3.tgz
43 silly lockFile 7333c456-ejs-2-2-3 ejs@2.2.3
44 silly lockFile 7333c456-ejs-2-2-3 ejs@2.2.3
45 silly lockFile bcdf6e5f-ejs ejs@
46 silly lockFile bcdf6e5f-ejs ejs@
47 silly resolved [ { name: 'ejs',
47 silly resolved     description: 'Embedded JavaScript templates',
47 silly resolved     keywords: [ 'template', 'engine', 'ejs' ],
47 silly resolved     version: '2.2.3',
47 silly resolved     author:
47 silly resolved      { name: 'Matthew Eernisse',
47 silly resolved        email: 'mde@fleegix.org',
47 silly resolved        url: 'http://fleegix.org' },
47 silly resolved     contributors: [ [Object] ],
47 silly resolved     license: 'Apache-2.0',
47 silly resolved     main: './lib/ejs.js',
47 silly resolved     repository: { type: 'git', url: 'git://github.com/mde/ejs.git' },
47 silly resolved     bugs: { url: 'https://github.com/mde/ejs/issues' },
47 silly resolved     homepage: 'https://github.com/mde/ejs',
47 silly resolved     dependencies: {},
47 silly resolved     devDependencies:
47 silly resolved      { browserify: '^8.0.3',
47 silly resolved        'uglify-js': '^2.4.16',
47 silly resolved        mocha: '^2.1.0',
47 silly resolved        jake: '^8.0.0',
47 silly resolved        istanbul: '~0.3.5' },
47 silly resolved     engines: { node: '>=0.10.0' },
47 silly resolved     scripts:
47 silly resolved      { test: 'mocha',
47 silly resolved        coverage: 'istanbul cover node_modules/mocha/bin/_mocha' },
47 silly resolved     _id: 'ejs@2.2.3',
47 silly resolved     _shasum: '8d78070eeb2689d94de660279bb9898de9df1ba0',
47 silly resolved     _resolved: 'https://registry.npmjs.org/ejs/-/ejs-2.2.3.tgz',
47 silly resolved     _from: 'ejs@',
47 silly resolved     _npmVersion: '2.1.18',
47 silly resolved     _nodeVersion: '0.10.35',
47 silly resolved     _npmUser: { name: 'mde', email: 'mde@fleegix.org' },
47 silly resolved     maintainers: [ [Object], [Object] ],
47 silly resolved     dist:
47 silly resolved      { shasum: '8d78070eeb2689d94de660279bb9898de9df1ba0',
47 silly resolved        tarball: 'http://registry.npmjs.org/ejs/-/ejs-2.2.3.tgz' },
47 silly resolved     directories: {} } ]
48 info install ejs@2.2.3 into /usr/lib
49 info installOne ejs@2.2.3
50 verbose lib/node_modules/ejs unbuild
51 verbose tar unpack /home/dykim/.npm/ejs/2.2.3/package.tgz
52 silly lockFile 39b250e6-tar-usr-lib-node-modules-ejs tar:///usr/lib/node_modules/ejs
53 verbose lock tar:///usr/lib/node_modules/ejs /home/dykim/.npm/39b250e6-tar-usr-lib-node-modules-ejs.lock
54 silly lockFile 3aa92700--dykim-npm-ejs-2-2-3-package-tgz tar:///home/dykim/.npm/ejs/2.2.3/package.tgz
55 verbose lock tar:///home/dykim/.npm/ejs/2.2.3/package.tgz /home/dykim/.npm/3aa92700--dykim-npm-ejs-2-2-3-package-tgz.lock
56 silly gunzTarPerm modes [ '775', '664' ]
57 error Error: EACCES, mkdir '/usr/lib/node_modules/ejs'
57 error  { [Error: EACCES, mkdir '/usr/lib/node_modules/ejs']
57 error   errno: 3,
57 error   code: 'EACCES',
57 error   path: '/usr/lib/node_modules/ejs',
57 error   fstream_type: 'Directory',
57 error   fstream_path: '/usr/lib/node_modules/ejs',
57 error   fstream_class: 'DirWriter',
57 error   fstream_stack:
57 error    [ '/usr/lib/node_modules/npm/node_modules/fstream/lib/dir-writer.js:36:23',
57 error      '/usr/lib/node_modules/npm/node_modules/mkdirp/index.js:46:53',
57 error      'Object.oncomplete (fs.js:108:15)' ] }
58 error Please try running this command again as root/Administrator.
59 error System Linux 3.11.0-19-generic
60 error command "/usr/bin/node" "/usr/bin/npm" "install" "-g" "ejs"
61 error cwd /home/dykim/Development/date_manager/views
62 error node -v v0.10.35
63 error npm -v 1.4.28
64 error path /usr/lib/node_modules/ejs
65 error fstream_path /usr/lib/node_modules/ejs
66 error fstream_type Directory
67 error fstream_class DirWriter
68 error code EACCES
69 error errno 3
70 error stack Error: EACCES, mkdir '/usr/lib/node_modules/ejs'
71 error fstream_stack /usr/lib/node_modules/npm/node_modules/fstream/lib/dir-writer.js:36:23
71 error fstream_stack /usr/lib/node_modules/npm/node_modules/mkdirp/index.js:46:53
71 error fstream_stack Object.oncomplete (fs.js:108:15)
72 verbose exit [ 3, true ]
